<?xml version="1.0" encoding="UTF-8"?>
<!-- Generated by org.testng.reporters.JUnitXMLReporter -->
<testsuite ignored="0" hostname="DESKTOP-E08C3A6" failures="0" tests="15" name="Test" time="69.375" errors="0" timestamp="2025-09-25T17:41:15 IST">
  <testcase classname="Tests.guest_user_flow" name="verifyElementsForguestUser" time="0.105"/>
  <testcase classname="Tests.guest_user_flow" name="verifyElementsForguestUser" time="0.006"/>
  <testcase classname="Tests.guest_user_flow" name="verifyElementsForguestUser" time="0.004"/>
  <testcase classname="Tests.guest_user_flow" name="verifyElementsForguestUser" time="0.007"/>
  <testcase classname="Tests.guest_user_flow" name="verifyElementsForguestUser" time="0.002"/>
  <testcase classname="Tests.guest_user_flow" name="verifyElementsForguestUser" time="0.003"/>
  <testcase classname="Tests.guest_user_flow" name="verifyElementsForguestUser" time="0.005"/>
  <testcase classname="Tests.guest_user_flow" name="verifyElementsForguestUser" time="0.011"/>
  <testcase classname="Tests.guest_user_flow" name="verifyElementsForguestUser" time="0.004"/>
  <testcase classname="Tests.guest_user_flow" name="verifyElementsForguestUser" time="0.004"/>
  <testcase classname="Tests.guest_user_flow" name="verifyElementsForguestUser" time="0.006"/>
  <testcase classname="Tests.guest_user_flow" name="verifyElementsForguestUser" time="0.002"/>
  <testcase classname="Tests.guest_user_flow" name="verifyElementsForguestUser" time="0.006"/>
  <testcase classname="Tests.guest_user_flow" name="verifyElementsForguestUser" time="0.019"/>
  <testcase classname="Tests.guest_user_flow" name="verifyElementsForguestUser" time="0.006"/>
</testsuite> <!-- Test -->
