<?xml version="1.0" encoding="UTF-8"?>
<!-- Generated by org.testng.reporters.JUnitXMLReporter -->
<testsuite ignored="0" hostname="DESKTOP-E08C3A6" failures="0" tests="15" name="Test" time="68.437" errors="0" timestamp="2025-09-26T12:03:53 IST">
  <testcase classname="Tests.guest_user_flow" name="verifyElementsForguestUser" time="0.073"/>
  <testcase classname="Tests.guest_user_flow" name="verifyElementsForguestUser" time="0.003"/>
  <testcase classname="Tests.guest_user_flow" name="verifyElementsForguestUser" time="0.002"/>
  <testcase classname="Tests.guest_user_flow" name="verifyElementsForguestUser" time="0.002"/>
  <testcase classname="Tests.guest_user_flow" name="verifyElementsForguestUser" time="0.004"/>
  <testcase classname="Tests.guest_user_flow" name="verifyElementsForguestUser" time="0.002"/>
  <testcase classname="Tests.guest_user_flow" name="verifyElementsForguestUser" time="0.003"/>
  <testcase classname="Tests.guest_user_flow" name="verifyElementsForguestUser" time="0.001"/>
  <testcase classname="Tests.guest_user_flow" name="verifyElementsForguestUser" time="0.004"/>
  <testcase classname="Tests.guest_user_flow" name="verifyElementsForguestUser" time="0.003"/>
  <testcase classname="Tests.guest_user_flow" name="verifyElementsForguestUser" time="0.002"/>
  <testcase classname="Tests.guest_user_flow" name="verifyElementsForguestUser" time="0.002"/>
  <testcase classname="Tests.guest_user_flow" name="verifyElementsForguestUser" time="0.003"/>
  <testcase classname="Tests.guest_user_flow" name="verifyElementsForguestUser" time="0.001"/>
  <testcase classname="Tests.guest_user_flow" name="verifyElementsForguestUser" time="0.002"/>
</testsuite> <!-- Test -->
