<?xml version="1.0" encoding="UTF-8"?>
<testng-results ignored="0" total="1" passed="1" failed="0" skipped="0">
  <reporter-output>
  </reporter-output>
  <suite started-at="2025-09-27T12:28:48 IST" name="Suite" finished-at="2025-09-27T12:28:53 IST" duration-ms="5229">
    <groups>
    </groups>
    <test started-at="2025-09-27T12:28:48 IST" name="Test" finished-at="2025-09-27T12:28:53 IST" duration-ms="5229">
      <class name="Tests.guest_user_flow">
        <test-method is-config="true" signature="openBrowser(java.lang.String,java.lang.String)[pri:0, instance:Tests.guest_user_flow@52e6fdee]" started-at="2025-09-27T12:28:48 IST" name="openBrowser" finished-at="2025-09-27T12:28:53 IST" duration-ms="4454" status="PASS">
          <params>
            <param index="0">
              <value>
                <![CDATA[chrome]]>
              </value>
            </param>
            <param index="1">
              <value>
                <![CDATA[https://www.amazon.in/]]>
              </value>
            </param>
          </params>
          <reporter-output>
          </reporter-output>
        </test-method> <!-- openBrowser -->
        <test-method signature="home_page_guest()[pri:0, instance:Tests.guest_user_flow@52e6fdee]" started-at="2025-09-27T12:28:53 IST" name="home_page_guest" finished-at="2025-09-27T12:28:53 IST" duration-ms="383" status="PASS">
          <reporter-output>
          </reporter-output>
        </test-method> <!-- home_page_guest -->
        <test-method is-config="true" signature="closebrowser()[pri:0, instance:Tests.guest_user_flow@52e6fdee]" started-at="2025-09-27T12:28:53 IST" name="closebrowser" finished-at="2025-09-27T12:28:53 IST" duration-ms="314" status="PASS">
          <reporter-output>
          </reporter-output>
        </test-method> <!-- closebrowser -->
      </class> <!-- Tests.guest_user_flow -->
    </test> <!-- Test -->
  </suite> <!-- Suite -->
</testng-results>
