<?xml version="1.0" encoding="UTF-8"?>
<testng-results ignored="0" total="15" passed="15" failed="0" skipped="0">
  <reporter-output>
  </reporter-output>
  <suite started-at="2025-09-26T12:02:44 IST" name="Suite" finished-at="2025-09-26T12:03:53 IST" duration-ms="68437">
    <groups>
    </groups>
    <test started-at="2025-09-26T12:02:44 IST" name="Test" finished-at="2025-09-26T12:03:53 IST" duration-ms="68437">
      <class name="Tests.guest_user_flow">
        <test-method is-config="true" signature="openBrowser(java.lang.String,java.lang.String)[pri:0, instance:Tests.guest_user_flow@52e6fdee]" started-at="2025-09-26T12:02:44 IST" name="openBrowser" finished-at="2025-09-26T12:02:51 IST" duration-ms="6208" status="PASS">
          <params>
            <param index="0">
              <value>
                <![CDATA[chrome]]>
              </value>
            </param>
            <param index="1">
              <value>
                <![CDATA[https://www.amazon.in/]]>
              </value>
            </param>
          </params>
          <reporter-output>
          </reporter-output>
        </test-method> <!-- openBrowser -->
        <test-method signature="verifyElementsForguestUser()[pri:0, instance:Tests.guest_user_flow@52e6fdee]" started-at="2025-09-26T12:02:51 IST" name="verifyElementsForguestUser" finished-at="2025-09-26T12:02:51 IST" duration-ms="73" status="PASS">
          <reporter-output>
          </reporter-output>
        </test-method> <!-- verifyElementsForguestUser -->
        <test-method is-config="true" signature="closebrowser()[pri:0, instance:Tests.guest_user_flow@52e6fdee]" started-at="2025-09-26T12:02:51 IST" name="closebrowser" finished-at="2025-09-26T12:02:51 IST" duration-ms="534" status="PASS">
          <reporter-output>
          </reporter-output>
        </test-method> <!-- closebrowser -->
        <test-method is-config="true" signature="openBrowser(java.lang.String,java.lang.String)[pri:0, instance:Tests.guest_user_flow@52e6fdee]" started-at="2025-09-26T12:02:51 IST" name="openBrowser" finished-at="2025-09-26T12:02:55 IST" duration-ms="3738" status="PASS">
          <params>
            <param index="0">
              <value>
                <![CDATA[chrome]]>
              </value>
            </param>
            <param index="1">
              <value>
                <![CDATA[https://www.amazon.in/]]>
              </value>
            </param>
          </params>
          <reporter-output>
          </reporter-output>
        </test-method> <!-- openBrowser -->
        <test-method signature="verifyElementsForguestUser()[pri:0, instance:Tests.guest_user_flow@52e6fdee]" started-at="2025-09-26T12:02:55 IST" name="verifyElementsForguestUser" finished-at="2025-09-26T12:02:55 IST" duration-ms="3" status="PASS">
          <reporter-output>
          </reporter-output>
        </test-method> <!-- verifyElementsForguestUser -->
        <test-method is-config="true" signature="closebrowser()[pri:0, instance:Tests.guest_user_flow@52e6fdee]" started-at="2025-09-26T12:02:55 IST" name="closebrowser" finished-at="2025-09-26T12:02:55 IST" duration-ms="266" status="PASS">
          <reporter-output>
          </reporter-output>
        </test-method> <!-- closebrowser -->
        <test-method is-config="true" signature="openBrowser(java.lang.String,java.lang.String)[pri:0, instance:Tests.guest_user_flow@52e6fdee]" started-at="2025-09-26T12:02:55 IST" name="openBrowser" finished-at="2025-09-26T12:02:59 IST" duration-ms="3813" status="PASS">
          <params>
            <param index="0">
              <value>
                <![CDATA[chrome]]>
              </value>
            </param>
            <param index="1">
              <value>
                <![CDATA[https://www.amazon.in/]]>
              </value>
            </param>
          </params>
          <reporter-output>
          </reporter-output>
        </test-method> <!-- openBrowser -->
        <test-method signature="verifyElementsForguestUser()[pri:0, instance:Tests.guest_user_flow@52e6fdee]" started-at="2025-09-26T12:02:59 IST" name="verifyElementsForguestUser" finished-at="2025-09-26T12:02:59 IST" duration-ms="2" status="PASS">
          <reporter-output>
          </reporter-output>
        </test-method> <!-- verifyElementsForguestUser -->
        <test-method is-config="true" signature="closebrowser()[pri:0, instance:Tests.guest_user_flow@52e6fdee]" started-at="2025-09-26T12:02:59 IST" name="closebrowser" finished-at="2025-09-26T12:02:59 IST" duration-ms="358" status="PASS">
          <reporter-output>
          </reporter-output>
        </test-method> <!-- closebrowser -->
        <test-method is-config="true" signature="openBrowser(java.lang.String,java.lang.String)[pri:0, instance:Tests.guest_user_flow@52e6fdee]" started-at="2025-09-26T12:02:59 IST" name="openBrowser" finished-at="2025-09-26T12:03:03 IST" duration-ms="4084" status="PASS">
          <params>
            <param index="0">
              <value>
                <![CDATA[chrome]]>
              </value>
            </param>
            <param index="1">
              <value>
                <![CDATA[https://www.amazon.in/]]>
              </value>
            </param>
          </params>
          <reporter-output>
          </reporter-output>
        </test-method> <!-- openBrowser -->
        <test-method signature="verifyElementsForguestUser()[pri:0, instance:Tests.guest_user_flow@52e6fdee]" started-at="2025-09-26T12:03:03 IST" name="verifyElementsForguestUser" finished-at="2025-09-26T12:03:03 IST" duration-ms="2" status="PASS">
          <reporter-output>
          </reporter-output>
        </test-method> <!-- verifyElementsForguestUser -->
        <test-method is-config="true" signature="closebrowser()[pri:0, instance:Tests.guest_user_flow@52e6fdee]" started-at="2025-09-26T12:03:03 IST" name="closebrowser" finished-at="2025-09-26T12:03:04 IST" duration-ms="384" status="PASS">
          <reporter-output>
          </reporter-output>
        </test-method> <!-- closebrowser -->
        <test-method is-config="true" signature="openBrowser(java.lang.String,java.lang.String)[pri:0, instance:Tests.guest_user_flow@52e6fdee]" started-at="2025-09-26T12:03:04 IST" name="openBrowser" finished-at="2025-09-26T12:03:08 IST" duration-ms="3803" status="PASS">
          <params>
            <param index="0">
              <value>
                <![CDATA[chrome]]>
              </value>
            </param>
            <param index="1">
              <value>
                <![CDATA[https://www.amazon.in/]]>
              </value>
            </param>
          </params>
          <reporter-output>
          </reporter-output>
        </test-method> <!-- openBrowser -->
        <test-method signature="verifyElementsForguestUser()[pri:0, instance:Tests.guest_user_flow@52e6fdee]" started-at="2025-09-26T12:03:08 IST" name="verifyElementsForguestUser" finished-at="2025-09-26T12:03:08 IST" duration-ms="4" status="PASS">
          <reporter-output>
          </reporter-output>
        </test-method> <!-- verifyElementsForguestUser -->
        <test-method is-config="true" signature="closebrowser()[pri:0, instance:Tests.guest_user_flow@52e6fdee]" started-at="2025-09-26T12:03:08 IST" name="closebrowser" finished-at="2025-09-26T12:03:08 IST" duration-ms="357" status="PASS">
          <reporter-output>
          </reporter-output>
        </test-method> <!-- closebrowser -->
        <test-method is-config="true" signature="openBrowser(java.lang.String,java.lang.String)[pri:0, instance:Tests.guest_user_flow@52e6fdee]" started-at="2025-09-26T12:03:08 IST" name="openBrowser" finished-at="2025-09-26T12:03:13 IST" duration-ms="5001" status="PASS">
          <params>
            <param index="0">
              <value>
                <![CDATA[chrome]]>
              </value>
            </param>
            <param index="1">
              <value>
                <![CDATA[https://www.amazon.in/]]>
              </value>
            </param>
          </params>
          <reporter-output>
          </reporter-output>
        </test-method> <!-- openBrowser -->
        <test-method signature="verifyElementsForguestUser()[pri:0, instance:Tests.guest_user_flow@52e6fdee]" started-at="2025-09-26T12:03:13 IST" name="verifyElementsForguestUser" finished-at="2025-09-26T12:03:13 IST" duration-ms="2" status="PASS">
          <reporter-output>
          </reporter-output>
        </test-method> <!-- verifyElementsForguestUser -->
        <test-method is-config="true" signature="closebrowser()[pri:0, instance:Tests.guest_user_flow@52e6fdee]" started-at="2025-09-26T12:03:13 IST" name="closebrowser" finished-at="2025-09-26T12:03:13 IST" duration-ms="355" status="PASS">
          <reporter-output>
          </reporter-output>
        </test-method> <!-- closebrowser -->
        <test-method is-config="true" signature="openBrowser(java.lang.String,java.lang.String)[pri:0, instance:Tests.guest_user_flow@52e6fdee]" started-at="2025-09-26T12:03:13 IST" name="openBrowser" finished-at="2025-09-26T12:03:18 IST" duration-ms="4654" status="PASS">
          <params>
            <param index="0">
              <value>
                <![CDATA[chrome]]>
              </value>
            </param>
            <param index="1">
              <value>
                <![CDATA[https://www.amazon.in/]]>
              </value>
            </param>
          </params>
          <reporter-output>
          </reporter-output>
        </test-method> <!-- openBrowser -->
        <test-method signature="verifyElementsForguestUser()[pri:0, instance:Tests.guest_user_flow@52e6fdee]" started-at="2025-09-26T12:03:18 IST" name="verifyElementsForguestUser" finished-at="2025-09-26T12:03:18 IST" duration-ms="3" status="PASS">
          <reporter-output>
          </reporter-output>
        </test-method> <!-- verifyElementsForguestUser -->
        <test-method is-config="true" signature="closebrowser()[pri:0, instance:Tests.guest_user_flow@52e6fdee]" started-at="2025-09-26T12:03:18 IST" name="closebrowser" finished-at="2025-09-26T12:03:18 IST" duration-ms="290" status="PASS">
          <reporter-output>
          </reporter-output>
        </test-method> <!-- closebrowser -->
        <test-method is-config="true" signature="openBrowser(java.lang.String,java.lang.String)[pri:0, instance:Tests.guest_user_flow@52e6fdee]" started-at="2025-09-26T12:03:18 IST" name="openBrowser" finished-at="2025-09-26T12:03:23 IST" duration-ms="4452" status="PASS">
          <params>
            <param index="0">
              <value>
                <![CDATA[chrome]]>
              </value>
            </param>
            <param index="1">
              <value>
                <![CDATA[https://www.amazon.in/]]>
              </value>
            </param>
          </params>
          <reporter-output>
          </reporter-output>
        </test-method> <!-- openBrowser -->
        <test-method signature="verifyElementsForguestUser()[pri:0, instance:Tests.guest_user_flow@52e6fdee]" started-at="2025-09-26T12:03:23 IST" name="verifyElementsForguestUser" finished-at="2025-09-26T12:03:23 IST" duration-ms="1" status="PASS">
          <reporter-output>
          </reporter-output>
        </test-method> <!-- verifyElementsForguestUser -->
        <test-method is-config="true" signature="closebrowser()[pri:0, instance:Tests.guest_user_flow@52e6fdee]" started-at="2025-09-26T12:03:23 IST" name="closebrowser" finished-at="2025-09-26T12:03:23 IST" duration-ms="316" status="PASS">
          <reporter-output>
          </reporter-output>
        </test-method> <!-- closebrowser -->
        <test-method is-config="true" signature="openBrowser(java.lang.String,java.lang.String)[pri:0, instance:Tests.guest_user_flow@52e6fdee]" started-at="2025-09-26T12:03:23 IST" name="openBrowser" finished-at="2025-09-26T12:03:26 IST" duration-ms="3372" status="PASS">
          <params>
            <param index="0">
              <value>
                <![CDATA[chrome]]>
              </value>
            </param>
            <param index="1">
              <value>
                <![CDATA[https://www.amazon.in/]]>
              </value>
            </param>
          </params>
          <reporter-output>
          </reporter-output>
        </test-method> <!-- openBrowser -->
        <test-method signature="verifyElementsForguestUser()[pri:0, instance:Tests.guest_user_flow@52e6fdee]" started-at="2025-09-26T12:03:26 IST" name="verifyElementsForguestUser" finished-at="2025-09-26T12:03:26 IST" duration-ms="4" status="PASS">
          <reporter-output>
          </reporter-output>
        </test-method> <!-- verifyElementsForguestUser -->
        <test-method is-config="true" signature="closebrowser()[pri:0, instance:Tests.guest_user_flow@52e6fdee]" started-at="2025-09-26T12:03:26 IST" name="closebrowser" finished-at="2025-09-26T12:03:27 IST" duration-ms="488" status="PASS">
          <reporter-output>
          </reporter-output>
        </test-method> <!-- closebrowser -->
        <test-method is-config="true" signature="openBrowser(java.lang.String,java.lang.String)[pri:0, instance:Tests.guest_user_flow@52e6fdee]" started-at="2025-09-26T12:03:27 IST" name="openBrowser" finished-at="2025-09-26T12:03:30 IST" duration-ms="3577" status="PASS">
          <params>
            <param index="0">
              <value>
                <![CDATA[chrome]]>
              </value>
            </param>
            <param index="1">
              <value>
                <![CDATA[https://www.amazon.in/]]>
              </value>
            </param>
          </params>
          <reporter-output>
          </reporter-output>
        </test-method> <!-- openBrowser -->
        <test-method signature="verifyElementsForguestUser()[pri:0, instance:Tests.guest_user_flow@52e6fdee]" started-at="2025-09-26T12:03:30 IST" name="verifyElementsForguestUser" finished-at="2025-09-26T12:03:31 IST" duration-ms="3" status="PASS">
          <reporter-output>
          </reporter-output>
        </test-method> <!-- verifyElementsForguestUser -->
        <test-method is-config="true" signature="closebrowser()[pri:0, instance:Tests.guest_user_flow@52e6fdee]" started-at="2025-09-26T12:03:31 IST" name="closebrowser" finished-at="2025-09-26T12:03:31 IST" duration-ms="316" status="PASS">
          <reporter-output>
          </reporter-output>
        </test-method> <!-- closebrowser -->
        <test-method is-config="true" signature="openBrowser(java.lang.String,java.lang.String)[pri:0, instance:Tests.guest_user_flow@52e6fdee]" started-at="2025-09-26T12:03:31 IST" name="openBrowser" finished-at="2025-09-26T12:03:35 IST" duration-ms="4464" status="PASS">
          <params>
            <param index="0">
              <value>
                <![CDATA[chrome]]>
              </value>
            </param>
            <param index="1">
              <value>
                <![CDATA[https://www.amazon.in/]]>
              </value>
            </param>
          </params>
          <reporter-output>
          </reporter-output>
        </test-method> <!-- openBrowser -->
        <test-method signature="verifyElementsForguestUser()[pri:0, instance:Tests.guest_user_flow@52e6fdee]" started-at="2025-09-26T12:03:35 IST" name="verifyElementsForguestUser" finished-at="2025-09-26T12:03:35 IST" duration-ms="2" status="PASS">
          <reporter-output>
          </reporter-output>
        </test-method> <!-- verifyElementsForguestUser -->
        <test-method is-config="true" signature="closebrowser()[pri:0, instance:Tests.guest_user_flow@52e6fdee]" started-at="2025-09-26T12:03:35 IST" name="closebrowser" finished-at="2025-09-26T12:03:36 IST" duration-ms="356" status="PASS">
          <reporter-output>
          </reporter-output>
        </test-method> <!-- closebrowser -->
        <test-method is-config="true" signature="openBrowser(java.lang.String,java.lang.String)[pri:0, instance:Tests.guest_user_flow@52e6fdee]" started-at="2025-09-26T12:03:36 IST" name="openBrowser" finished-at="2025-09-26T12:03:39 IST" duration-ms="3459" status="PASS">
          <params>
            <param index="0">
              <value>
                <![CDATA[chrome]]>
              </value>
            </param>
            <param index="1">
              <value>
                <![CDATA[https://www.amazon.in/]]>
              </value>
            </param>
          </params>
          <reporter-output>
          </reporter-output>
        </test-method> <!-- openBrowser -->
        <test-method signature="verifyElementsForguestUser()[pri:0, instance:Tests.guest_user_flow@52e6fdee]" started-at="2025-09-26T12:03:39 IST" name="verifyElementsForguestUser" finished-at="2025-09-26T12:03:39 IST" duration-ms="2" status="PASS">
          <reporter-output>
          </reporter-output>
        </test-method> <!-- verifyElementsForguestUser -->
        <test-method is-config="true" signature="closebrowser()[pri:0, instance:Tests.guest_user_flow@52e6fdee]" started-at="2025-09-26T12:03:39 IST" name="closebrowser" finished-at="2025-09-26T12:03:40 IST" duration-ms="399" status="PASS">
          <reporter-output>
          </reporter-output>
        </test-method> <!-- closebrowser -->
        <test-method is-config="true" signature="openBrowser(java.lang.String,java.lang.String)[pri:0, instance:Tests.guest_user_flow@52e6fdee]" started-at="2025-09-26T12:03:40 IST" name="openBrowser" finished-at="2025-09-26T12:03:43 IST" duration-ms="3692" status="PASS">
          <params>
            <param index="0">
              <value>
                <![CDATA[chrome]]>
              </value>
            </param>
            <param index="1">
              <value>
                <![CDATA[https://www.amazon.in/]]>
              </value>
            </param>
          </params>
          <reporter-output>
          </reporter-output>
        </test-method> <!-- openBrowser -->
        <test-method signature="verifyElementsForguestUser()[pri:0, instance:Tests.guest_user_flow@52e6fdee]" started-at="2025-09-26T12:03:43 IST" name="verifyElementsForguestUser" finished-at="2025-09-26T12:03:43 IST" duration-ms="3" status="PASS">
          <reporter-output>
          </reporter-output>
        </test-method> <!-- verifyElementsForguestUser -->
        <test-method is-config="true" signature="closebrowser()[pri:0, instance:Tests.guest_user_flow@52e6fdee]" started-at="2025-09-26T12:03:43 IST" name="closebrowser" finished-at="2025-09-26T12:03:44 IST" duration-ms="345" status="PASS">
          <reporter-output>
          </reporter-output>
        </test-method> <!-- closebrowser -->
        <test-method is-config="true" signature="openBrowser(java.lang.String,java.lang.String)[pri:0, instance:Tests.guest_user_flow@52e6fdee]" started-at="2025-09-26T12:03:44 IST" name="openBrowser" finished-at="2025-09-26T12:03:48 IST" duration-ms="4375" status="PASS">
          <params>
            <param index="0">
              <value>
                <![CDATA[chrome]]>
              </value>
            </param>
            <param index="1">
              <value>
                <![CDATA[https://www.amazon.in/]]>
              </value>
            </param>
          </params>
          <reporter-output>
          </reporter-output>
        </test-method> <!-- openBrowser -->
        <test-method signature="verifyElementsForguestUser()[pri:0, instance:Tests.guest_user_flow@52e6fdee]" started-at="2025-09-26T12:03:48 IST" name="verifyElementsForguestUser" finished-at="2025-09-26T12:03:48 IST" duration-ms="1" status="PASS">
          <reporter-output>
          </reporter-output>
        </test-method> <!-- verifyElementsForguestUser -->
        <test-method is-config="true" signature="closebrowser()[pri:0, instance:Tests.guest_user_flow@52e6fdee]" started-at="2025-09-26T12:03:48 IST" name="closebrowser" finished-at="2025-09-26T12:03:48 IST" duration-ms="312" status="PASS">
          <reporter-output>
          </reporter-output>
        </test-method> <!-- closebrowser -->
        <test-method is-config="true" signature="openBrowser(java.lang.String,java.lang.String)[pri:0, instance:Tests.guest_user_flow@52e6fdee]" started-at="2025-09-26T12:03:48 IST" name="openBrowser" finished-at="2025-09-26T12:03:52 IST" duration-ms="4097" status="PASS">
          <params>
            <param index="0">
              <value>
                <![CDATA[chrome]]>
              </value>
            </param>
            <param index="1">
              <value>
                <![CDATA[https://www.amazon.in/]]>
              </value>
            </param>
          </params>
          <reporter-output>
          </reporter-output>
        </test-method> <!-- openBrowser -->
        <test-method signature="verifyElementsForguestUser()[pri:0, instance:Tests.guest_user_flow@52e6fdee]" started-at="2025-09-26T12:03:52 IST" name="verifyElementsForguestUser" finished-at="2025-09-26T12:03:52 IST" duration-ms="2" status="PASS">
          <reporter-output>
          </reporter-output>
        </test-method> <!-- verifyElementsForguestUser -->
        <test-method is-config="true" signature="closebrowser()[pri:0, instance:Tests.guest_user_flow@52e6fdee]" started-at="2025-09-26T12:03:52 IST" name="closebrowser" finished-at="2025-09-26T12:03:53 IST" duration-ms="358" status="PASS">
          <reporter-output>
          </reporter-output>
        </test-method> <!-- closebrowser -->
      </class> <!-- Tests.guest_user_flow -->
    </test> <!-- Test -->
  </suite> <!-- Suite -->
</testng-results>
