<?xml version="1.0" encoding="UTF-8"?>
<testsuite xmlns:xsi="http://www.w3.org/2001/XMLSchema-instance" xsi:noNamespaceSchemaLocation="https://maven.apache.org/surefire/maven-surefire-plugin/xsd/surefire-test-report-3.0.xsd" version="3.0" name="TestSuite" time="69.16" tests="15" errors="0" skipped="0" failures="0">
  <properties>
[...]
</properties>
  <testcase name="verifyElementsForguestUser" classname="Tests.guest_user_flow" time="0.092">
    <system-out><![CDATA[chrome
https://www.amazon.in/
Test
]]></system-out>
    <system-err><![CDATA[SLF4J: No SLF4J providers were found.
SLF4J: Defaulting to no-operation (NOP) logger implementation
SLF4J: See https://www.slf4j.org/codes.html#noProviders for further details.
Sept 26, 2025 12:02:48 PM org.openqa.selenium.devtools.CdpVersionFinder findNearestMatch
WARNING: Unable to find an exact match for CDP version 140, returning the closest version; found: 139; Please update to a Selenium version that supports CDP version 140
]]></system-err>
  </testcase>
  <testcase name="verifyElementsForguestUser" classname="Tests.guest_user_flow" time="0.007">
    <system-out><![CDATA[chrome
https://www.amazon.in/
Test
]]></system-out>
    <system-err><![CDATA[Sept 26, 2025 12:02:52 PM org.openqa.selenium.devtools.CdpVersionFinder findNearestMatch
WARNING: Unable to find an exact match for CDP version 140, returning the closest version; found: 139; Please update to a Selenium version that supports CDP version 140
]]></system-err>
  </testcase>
  <testcase name="verifyElementsForguestUser" classname="Tests.guest_user_flow" time="0.016">
    <system-out><![CDATA[chrome
https://www.amazon.in/
Test
]]></system-out>
    <system-err><![CDATA[Sept 26, 2025 12:02:56 PM org.openqa.selenium.devtools.CdpVersionFinder findNearestMatch
WARNING: Unable to find an exact match for CDP version 140, returning the closest version; found: 139; Please update to a Selenium version that supports CDP version 140
]]></system-err>
  </testcase>
  <testcase name="verifyElementsForguestUser" classname="Tests.guest_user_flow" time="0.006">
    <system-out><![CDATA[chrome
https://www.amazon.in/
Test
]]></system-out>
    <system-err><![CDATA[Sept 26, 2025 12:03:01 PM org.openqa.selenium.devtools.CdpVersionFinder findNearestMatch
WARNING: Unable to find an exact match for CDP version 140, returning the closest version; found: 139; Please update to a Selenium version that supports CDP version 140
]]></system-err>
  </testcase>
  <testcase name="verifyElementsForguestUser" classname="Tests.guest_user_flow" time="0.017">
    <system-out><![CDATA[chrome
https://www.amazon.in/
Test
]]></system-out>
    <system-err><![CDATA[Sept 26, 2025 12:03:05 PM org.openqa.selenium.devtools.CdpVersionFinder findNearestMatch
WARNING: Unable to find an exact match for CDP version 140, returning the closest version; found: 139; Please update to a Selenium version that supports CDP version 140
]]></system-err>
  </testcase>
  <testcase name="verifyElementsForguestUser" classname="Tests.guest_user_flow" time="0.009">
    <system-out><![CDATA[chrome
https://www.amazon.in/
Test
]]></system-out>
    <system-err><![CDATA[Sept 26, 2025 12:03:09 PM org.openqa.selenium.devtools.CdpVersionFinder findNearestMatch
WARNING: Unable to find an exact match for CDP version 140, returning the closest version; found: 139; Please update to a Selenium version that supports CDP version 140
]]></system-err>
  </testcase>
  <testcase name="verifyElementsForguestUser" classname="Tests.guest_user_flow" time="0.026">
    <system-out><![CDATA[chrome
https://www.amazon.in/
Test
]]></system-out>
    <system-err><![CDATA[Sept 26, 2025 12:03:15 PM org.openqa.selenium.devtools.CdpVersionFinder findNearestMatch
WARNING: Unable to find an exact match for CDP version 140, returning the closest version; found: 139; Please update to a Selenium version that supports CDP version 140
]]></system-err>
  </testcase>
  <testcase name="verifyElementsForguestUser" classname="Tests.guest_user_flow" time="0.008">
    <system-out><![CDATA[chrome
https://www.amazon.in/
Test
]]></system-out>
    <system-err><![CDATA[Sept 26, 2025 12:03:19 PM org.openqa.selenium.devtools.CdpVersionFinder findNearestMatch
WARNING: Unable to find an exact match for CDP version 140, returning the closest version; found: 139; Please update to a Selenium version that supports CDP version 140
]]></system-err>
  </testcase>
  <testcase name="verifyElementsForguestUser" classname="Tests.guest_user_flow" time="0.007">
    <system-out><![CDATA[chrome
https://www.amazon.in/
Test
]]></system-out>
    <system-err><![CDATA[Sept 26, 2025 12:03:24 PM org.openqa.selenium.devtools.CdpVersionFinder findNearestMatch
WARNING: Unable to find an exact match for CDP version 140, returning the closest version; found: 139; Please update to a Selenium version that supports CDP version 140
]]></system-err>
  </testcase>
  <testcase name="verifyElementsForguestUser" classname="Tests.guest_user_flow" time="0.01">
    <system-out><![CDATA[chrome
https://www.amazon.in/
Test
]]></system-out>
    <system-err><![CDATA[Sept 26, 2025 12:03:28 PM org.openqa.selenium.devtools.CdpVersionFinder findNearestMatch
WARNING: Unable to find an exact match for CDP version 140, returning the closest version; found: 139; Please update to a Selenium version that supports CDP version 140
]]></system-err>
  </testcase>
  <testcase name="verifyElementsForguestUser" classname="Tests.guest_user_flow" time="0.015">
    <system-out><![CDATA[chrome
https://www.amazon.in/
Test
]]></system-out>
    <system-err><![CDATA[Sept 26, 2025 12:03:32 PM org.openqa.selenium.devtools.CdpVersionFinder findNearestMatch
WARNING: Unable to find an exact match for CDP version 140, returning the closest version; found: 139; Please update to a Selenium version that supports CDP version 140
]]></system-err>
  </testcase>
  <testcase name="verifyElementsForguestUser" classname="Tests.guest_user_flow" time="0.008">
    <system-out><![CDATA[chrome
https://www.amazon.in/
Test
]]></system-out>
    <system-err><![CDATA[Sept 26, 2025 12:03:37 PM org.openqa.selenium.devtools.CdpVersionFinder findNearestMatch
WARNING: Unable to find an exact match for CDP version 140, returning the closest version; found: 139; Please update to a Selenium version that supports CDP version 140
]]></system-err>
  </testcase>
  <testcase name="verifyElementsForguestUser" classname="Tests.guest_user_flow" time="0.041">
    <system-out><![CDATA[chrome
https://www.amazon.in/
Test
]]></system-out>
    <system-err><![CDATA[Sept 26, 2025 12:03:40 PM org.openqa.selenium.devtools.CdpVersionFinder findNearestMatch
WARNING: Unable to find an exact match for CDP version 140, returning the closest version; found: 139; Please update to a Selenium version that supports CDP version 140
]]></system-err>
  </testcase>
  <testcase name="verifyElementsForguestUser" classname="Tests.guest_user_flow" time="0.007">
    <system-out><![CDATA[chrome
https://www.amazon.in/
Test
]]></system-out>
    <system-err><![CDATA[Sept 26, 2025 12:03:45 PM org.openqa.selenium.devtools.CdpVersionFinder findNearestMatch
WARNING: Unable to find an exact match for CDP version 140, returning the closest version; found: 139; Please update to a Selenium version that supports CDP version 140
]]></system-err>
  </testcase>
  <testcase name="verifyElementsForguestUser" classname="Tests.guest_user_flow" time="0.011">
    <system-out><![CDATA[chrome
https://www.amazon.in/
Test
]]></system-out>
    <system-err><![CDATA[Sept 26, 2025 12:03:49 PM org.openqa.selenium.devtools.CdpVersionFinder findNearestMatch
WARNING: Unable to find an exact match for CDP version 140, returning the closest version; found: 139; Please update to a Selenium version that supports CDP version 140
]]></system-err>
  </testcase>
</testsuite>