<?xml version="1.0" encoding="UTF-8"?>
<testng-results ignored="0" total="15" passed="15" failed="0" skipped="0">
  <reporter-output>
  </reporter-output>
  <suite started-at="2025-09-08T19:43:50 IST" name="Suite" finished-at="2025-09-08T19:44:58 IST" duration-ms="67999">
    <groups>
    </groups>
    <test started-at="2025-09-08T19:43:50 IST" name="Test" finished-at="2025-09-08T19:44:58 IST" duration-ms="67999">
      <class name="Tests.guest_user_flow">
        <test-method is-config="true" signature="openBrowser(java.lang.String,java.lang.String)[pri:0, instance:Tests.guest_user_flow@368f2016]" started-at="2025-09-08T19:43:50 IST" name="openBrowser" finished-at="2025-09-08T19:43:59 IST" duration-ms="8826" status="PASS">
          <params>
            <param index="0">
              <value>
                <![CDATA[chrome]]>
              </value>
            </param>
            <param index="1">
              <value>
                <![CDATA[https://www.amazon.in/]]>
              </value>
            </param>
          </params>
          <reporter-output>
          </reporter-output>
        </test-method> <!-- openBrowser -->
        <test-method signature="verifyElementsForguestUser()[pri:0, instance:Tests.guest_user_flow@368f2016]" started-at="2025-09-08T19:43:59 IST" name="verifyElementsForguestUser" finished-at="2025-09-08T19:43:59 IST" duration-ms="186" status="PASS">
          <reporter-output>
          </reporter-output>
        </test-method> <!-- verifyElementsForguestUser -->
        <test-method is-config="true" signature="closebrowser()[pri:0, instance:Tests.guest_user_flow@368f2016]" started-at="2025-09-08T19:43:59 IST" name="closebrowser" finished-at="2025-09-08T19:43:59 IST" duration-ms="606" status="PASS">
          <reporter-output>
          </reporter-output>
        </test-method> <!-- closebrowser -->
        <test-method is-config="true" signature="openBrowser(java.lang.String,java.lang.String)[pri:0, instance:Tests.guest_user_flow@368f2016]" started-at="2025-09-08T19:43:59 IST" name="openBrowser" finished-at="2025-09-08T19:44:03 IST" duration-ms="4002" status="PASS">
          <params>
            <param index="0">
              <value>
                <![CDATA[chrome]]>
              </value>
            </param>
            <param index="1">
              <value>
                <![CDATA[https://www.amazon.in/]]>
              </value>
            </param>
          </params>
          <reporter-output>
          </reporter-output>
        </test-method> <!-- openBrowser -->
        <test-method signature="verifyElementsForguestUser()[pri:0, instance:Tests.guest_user_flow@368f2016]" started-at="2025-09-08T19:44:03 IST" name="verifyElementsForguestUser" finished-at="2025-09-08T19:44:03 IST" duration-ms="5" status="PASS">
          <reporter-output>
          </reporter-output>
        </test-method> <!-- verifyElementsForguestUser -->
        <test-method is-config="true" signature="closebrowser()[pri:0, instance:Tests.guest_user_flow@368f2016]" started-at="2025-09-08T19:44:03 IST" name="closebrowser" finished-at="2025-09-08T19:44:04 IST" duration-ms="399" status="PASS">
          <reporter-output>
          </reporter-output>
        </test-method> <!-- closebrowser -->
        <test-method is-config="true" signature="openBrowser(java.lang.String,java.lang.String)[pri:0, instance:Tests.guest_user_flow@368f2016]" started-at="2025-09-08T19:44:04 IST" name="openBrowser" finished-at="2025-09-08T19:44:08 IST" duration-ms="4048" status="PASS">
          <params>
            <param index="0">
              <value>
                <![CDATA[chrome]]>
              </value>
            </param>
            <param index="1">
              <value>
                <![CDATA[https://www.amazon.in/]]>
              </value>
            </param>
          </params>
          <reporter-output>
          </reporter-output>
        </test-method> <!-- openBrowser -->
        <test-method signature="verifyElementsForguestUser()[pri:0, instance:Tests.guest_user_flow@368f2016]" started-at="2025-09-08T19:44:08 IST" name="verifyElementsForguestUser" finished-at="2025-09-08T19:44:08 IST" duration-ms="6" status="PASS">
          <reporter-output>
          </reporter-output>
        </test-method> <!-- verifyElementsForguestUser -->
        <test-method is-config="true" signature="closebrowser()[pri:0, instance:Tests.guest_user_flow@368f2016]" started-at="2025-09-08T19:44:08 IST" name="closebrowser" finished-at="2025-09-08T19:44:08 IST" duration-ms="405" status="PASS">
          <reporter-output>
          </reporter-output>
        </test-method> <!-- closebrowser -->
        <test-method is-config="true" signature="openBrowser(java.lang.String,java.lang.String)[pri:0, instance:Tests.guest_user_flow@368f2016]" started-at="2025-09-08T19:44:08 IST" name="openBrowser" finished-at="2025-09-08T19:44:12 IST" duration-ms="3488" status="PASS">
          <params>
            <param index="0">
              <value>
                <![CDATA[chrome]]>
              </value>
            </param>
            <param index="1">
              <value>
                <![CDATA[https://www.amazon.in/]]>
              </value>
            </param>
          </params>
          <reporter-output>
          </reporter-output>
        </test-method> <!-- openBrowser -->
        <test-method signature="verifyElementsForguestUser()[pri:0, instance:Tests.guest_user_flow@368f2016]" started-at="2025-09-08T19:44:12 IST" name="verifyElementsForguestUser" finished-at="2025-09-08T19:44:12 IST" duration-ms="5" status="PASS">
          <reporter-output>
          </reporter-output>
        </test-method> <!-- verifyElementsForguestUser -->
        <test-method is-config="true" signature="closebrowser()[pri:0, instance:Tests.guest_user_flow@368f2016]" started-at="2025-09-08T19:44:12 IST" name="closebrowser" finished-at="2025-09-08T19:44:12 IST" duration-ms="393" status="PASS">
          <reporter-output>
          </reporter-output>
        </test-method> <!-- closebrowser -->
        <test-method is-config="true" signature="openBrowser(java.lang.String,java.lang.String)[pri:0, instance:Tests.guest_user_flow@368f2016]" started-at="2025-09-08T19:44:12 IST" name="openBrowser" finished-at="2025-09-08T19:44:16 IST" duration-ms="3601" status="PASS">
          <params>
            <param index="0">
              <value>
                <![CDATA[chrome]]>
              </value>
            </param>
            <param index="1">
              <value>
                <![CDATA[https://www.amazon.in/]]>
              </value>
            </param>
          </params>
          <reporter-output>
          </reporter-output>
        </test-method> <!-- openBrowser -->
        <test-method signature="verifyElementsForguestUser()[pri:0, instance:Tests.guest_user_flow@368f2016]" started-at="2025-09-08T19:44:16 IST" name="verifyElementsForguestUser" finished-at="2025-09-08T19:44:16 IST" duration-ms="16" status="PASS">
          <reporter-output>
          </reporter-output>
        </test-method> <!-- verifyElementsForguestUser -->
        <test-method is-config="true" signature="closebrowser()[pri:0, instance:Tests.guest_user_flow@368f2016]" started-at="2025-09-08T19:44:16 IST" name="closebrowser" finished-at="2025-09-08T19:44:16 IST" duration-ms="376" status="PASS">
          <reporter-output>
          </reporter-output>
        </test-method> <!-- closebrowser -->
        <test-method is-config="true" signature="openBrowser(java.lang.String,java.lang.String)[pri:0, instance:Tests.guest_user_flow@368f2016]" started-at="2025-09-08T19:44:16 IST" name="openBrowser" finished-at="2025-09-08T19:44:20 IST" duration-ms="3639" status="PASS">
          <params>
            <param index="0">
              <value>
                <![CDATA[chrome]]>
              </value>
            </param>
            <param index="1">
              <value>
                <![CDATA[https://www.amazon.in/]]>
              </value>
            </param>
          </params>
          <reporter-output>
          </reporter-output>
        </test-method> <!-- openBrowser -->
        <test-method signature="verifyElementsForguestUser()[pri:0, instance:Tests.guest_user_flow@368f2016]" started-at="2025-09-08T19:44:20 IST" name="verifyElementsForguestUser" finished-at="2025-09-08T19:44:20 IST" duration-ms="13" status="PASS">
          <reporter-output>
          </reporter-output>
        </test-method> <!-- verifyElementsForguestUser -->
        <test-method is-config="true" signature="closebrowser()[pri:0, instance:Tests.guest_user_flow@368f2016]" started-at="2025-09-08T19:44:20 IST" name="closebrowser" finished-at="2025-09-08T19:44:20 IST" duration-ms="351" status="PASS">
          <reporter-output>
          </reporter-output>
        </test-method> <!-- closebrowser -->
        <test-method is-config="true" signature="openBrowser(java.lang.String,java.lang.String)[pri:0, instance:Tests.guest_user_flow@368f2016]" started-at="2025-09-08T19:44:20 IST" name="openBrowser" finished-at="2025-09-08T19:44:25 IST" duration-ms="4492" status="PASS">
          <params>
            <param index="0">
              <value>
                <![CDATA[chrome]]>
              </value>
            </param>
            <param index="1">
              <value>
                <![CDATA[https://www.amazon.in/]]>
              </value>
            </param>
          </params>
          <reporter-output>
          </reporter-output>
        </test-method> <!-- openBrowser -->
        <test-method signature="verifyElementsForguestUser()[pri:0, instance:Tests.guest_user_flow@368f2016]" started-at="2025-09-08T19:44:25 IST" name="verifyElementsForguestUser" finished-at="2025-09-08T19:44:25 IST" duration-ms="4" status="PASS">
          <reporter-output>
          </reporter-output>
        </test-method> <!-- verifyElementsForguestUser -->
        <test-method is-config="true" signature="closebrowser()[pri:0, instance:Tests.guest_user_flow@368f2016]" started-at="2025-09-08T19:44:25 IST" name="closebrowser" finished-at="2025-09-08T19:44:25 IST" duration-ms="417" status="PASS">
          <reporter-output>
          </reporter-output>
        </test-method> <!-- closebrowser -->
        <test-method is-config="true" signature="openBrowser(java.lang.String,java.lang.String)[pri:0, instance:Tests.guest_user_flow@368f2016]" started-at="2025-09-08T19:44:25 IST" name="openBrowser" finished-at="2025-09-08T19:44:29 IST" duration-ms="3798" status="PASS">
          <params>
            <param index="0">
              <value>
                <![CDATA[chrome]]>
              </value>
            </param>
            <param index="1">
              <value>
                <![CDATA[https://www.amazon.in/]]>
              </value>
            </param>
          </params>
          <reporter-output>
          </reporter-output>
        </test-method> <!-- openBrowser -->
        <test-method signature="verifyElementsForguestUser()[pri:0, instance:Tests.guest_user_flow@368f2016]" started-at="2025-09-08T19:44:29 IST" name="verifyElementsForguestUser" finished-at="2025-09-08T19:44:29 IST" duration-ms="3" status="PASS">
          <reporter-output>
          </reporter-output>
        </test-method> <!-- verifyElementsForguestUser -->
        <test-method is-config="true" signature="closebrowser()[pri:0, instance:Tests.guest_user_flow@368f2016]" started-at="2025-09-08T19:44:29 IST" name="closebrowser" finished-at="2025-09-08T19:44:29 IST" duration-ms="385" status="PASS">
          <reporter-output>
          </reporter-output>
        </test-method> <!-- closebrowser -->
        <test-method is-config="true" signature="openBrowser(java.lang.String,java.lang.String)[pri:0, instance:Tests.guest_user_flow@368f2016]" started-at="2025-09-08T19:44:29 IST" name="openBrowser" finished-at="2025-09-08T19:44:33 IST" duration-ms="3637" status="PASS">
          <params>
            <param index="0">
              <value>
                <![CDATA[chrome]]>
              </value>
            </param>
            <param index="1">
              <value>
                <![CDATA[https://www.amazon.in/]]>
              </value>
            </param>
          </params>
          <reporter-output>
          </reporter-output>
        </test-method> <!-- openBrowser -->
        <test-method signature="verifyElementsForguestUser()[pri:0, instance:Tests.guest_user_flow@368f2016]" started-at="2025-09-08T19:44:33 IST" name="verifyElementsForguestUser" finished-at="2025-09-08T19:44:33 IST" duration-ms="7" status="PASS">
          <reporter-output>
          </reporter-output>
        </test-method> <!-- verifyElementsForguestUser -->
        <test-method is-config="true" signature="closebrowser()[pri:0, instance:Tests.guest_user_flow@368f2016]" started-at="2025-09-08T19:44:33 IST" name="closebrowser" finished-at="2025-09-08T19:44:33 IST" duration-ms="336" status="PASS">
          <reporter-output>
          </reporter-output>
        </test-method> <!-- closebrowser -->
        <test-method is-config="true" signature="openBrowser(java.lang.String,java.lang.String)[pri:0, instance:Tests.guest_user_flow@368f2016]" started-at="2025-09-08T19:44:33 IST" name="openBrowser" finished-at="2025-09-08T19:44:37 IST" duration-ms="3576" status="PASS">
          <params>
            <param index="0">
              <value>
                <![CDATA[chrome]]>
              </value>
            </param>
            <param index="1">
              <value>
                <![CDATA[https://www.amazon.in/]]>
              </value>
            </param>
          </params>
          <reporter-output>
          </reporter-output>
        </test-method> <!-- openBrowser -->
        <test-method signature="verifyElementsForguestUser()[pri:0, instance:Tests.guest_user_flow@368f2016]" started-at="2025-09-08T19:44:37 IST" name="verifyElementsForguestUser" finished-at="2025-09-08T19:44:37 IST" duration-ms="2" status="PASS">
          <reporter-output>
          </reporter-output>
        </test-method> <!-- verifyElementsForguestUser -->
        <test-method is-config="true" signature="closebrowser()[pri:0, instance:Tests.guest_user_flow@368f2016]" started-at="2025-09-08T19:44:37 IST" name="closebrowser" finished-at="2025-09-08T19:44:37 IST" duration-ms="378" status="PASS">
          <reporter-output>
          </reporter-output>
        </test-method> <!-- closebrowser -->
        <test-method is-config="true" signature="openBrowser(java.lang.String,java.lang.String)[pri:0, instance:Tests.guest_user_flow@368f2016]" started-at="2025-09-08T19:44:37 IST" name="openBrowser" finished-at="2025-09-08T19:44:41 IST" duration-ms="3650" status="PASS">
          <params>
            <param index="0">
              <value>
                <![CDATA[chrome]]>
              </value>
            </param>
            <param index="1">
              <value>
                <![CDATA[https://www.amazon.in/]]>
              </value>
            </param>
          </params>
          <reporter-output>
          </reporter-output>
        </test-method> <!-- openBrowser -->
        <test-method signature="verifyElementsForguestUser()[pri:0, instance:Tests.guest_user_flow@368f2016]" started-at="2025-09-08T19:44:41 IST" name="verifyElementsForguestUser" finished-at="2025-09-08T19:44:41 IST" duration-ms="4" status="PASS">
          <reporter-output>
          </reporter-output>
        </test-method> <!-- verifyElementsForguestUser -->
        <test-method is-config="true" signature="closebrowser()[pri:0, instance:Tests.guest_user_flow@368f2016]" started-at="2025-09-08T19:44:41 IST" name="closebrowser" finished-at="2025-09-08T19:44:41 IST" duration-ms="397" status="PASS">
          <reporter-output>
          </reporter-output>
        </test-method> <!-- closebrowser -->
        <test-method is-config="true" signature="openBrowser(java.lang.String,java.lang.String)[pri:0, instance:Tests.guest_user_flow@368f2016]" started-at="2025-09-08T19:44:41 IST" name="openBrowser" finished-at="2025-09-08T19:44:45 IST" duration-ms="3609" status="PASS">
          <params>
            <param index="0">
              <value>
                <![CDATA[chrome]]>
              </value>
            </param>
            <param index="1">
              <value>
                <![CDATA[https://www.amazon.in/]]>
              </value>
            </param>
          </params>
          <reporter-output>
          </reporter-output>
        </test-method> <!-- openBrowser -->
        <test-method signature="verifyElementsForguestUser()[pri:0, instance:Tests.guest_user_flow@368f2016]" started-at="2025-09-08T19:44:45 IST" name="verifyElementsForguestUser" finished-at="2025-09-08T19:44:45 IST" duration-ms="4" status="PASS">
          <reporter-output>
          </reporter-output>
        </test-method> <!-- verifyElementsForguestUser -->
        <test-method is-config="true" signature="closebrowser()[pri:0, instance:Tests.guest_user_flow@368f2016]" started-at="2025-09-08T19:44:45 IST" name="closebrowser" finished-at="2025-09-08T19:44:45 IST" duration-ms="368" status="PASS">
          <reporter-output>
          </reporter-output>
        </test-method> <!-- closebrowser -->
        <test-method is-config="true" signature="openBrowser(java.lang.String,java.lang.String)[pri:0, instance:Tests.guest_user_flow@368f2016]" started-at="2025-09-08T19:44:45 IST" name="openBrowser" finished-at="2025-09-08T19:44:49 IST" duration-ms="3549" status="PASS">
          <params>
            <param index="0">
              <value>
                <![CDATA[chrome]]>
              </value>
            </param>
            <param index="1">
              <value>
                <![CDATA[https://www.amazon.in/]]>
              </value>
            </param>
          </params>
          <reporter-output>
          </reporter-output>
        </test-method> <!-- openBrowser -->
        <test-method signature="verifyElementsForguestUser()[pri:0, instance:Tests.guest_user_flow@368f2016]" started-at="2025-09-08T19:44:49 IST" name="verifyElementsForguestUser" finished-at="2025-09-08T19:44:49 IST" duration-ms="5" status="PASS">
          <reporter-output>
          </reporter-output>
        </test-method> <!-- verifyElementsForguestUser -->
        <test-method is-config="true" signature="closebrowser()[pri:0, instance:Tests.guest_user_flow@368f2016]" started-at="2025-09-08T19:44:49 IST" name="closebrowser" finished-at="2025-09-08T19:44:49 IST" duration-ms="407" status="PASS">
          <reporter-output>
          </reporter-output>
        </test-method> <!-- closebrowser -->
        <test-method is-config="true" signature="openBrowser(java.lang.String,java.lang.String)[pri:0, instance:Tests.guest_user_flow@368f2016]" started-at="2025-09-08T19:44:49 IST" name="openBrowser" finished-at="2025-09-08T19:44:53 IST" duration-ms="3998" status="PASS">
          <params>
            <param index="0">
              <value>
                <![CDATA[chrome]]>
              </value>
            </param>
            <param index="1">
              <value>
                <![CDATA[https://www.amazon.in/]]>
              </value>
            </param>
          </params>
          <reporter-output>
          </reporter-output>
        </test-method> <!-- openBrowser -->
        <test-method signature="verifyElementsForguestUser()[pri:0, instance:Tests.guest_user_flow@368f2016]" started-at="2025-09-08T19:44:53 IST" name="verifyElementsForguestUser" finished-at="2025-09-08T19:44:53 IST" duration-ms="3" status="PASS">
          <reporter-output>
          </reporter-output>
        </test-method> <!-- verifyElementsForguestUser -->
        <test-method is-config="true" signature="closebrowser()[pri:0, instance:Tests.guest_user_flow@368f2016]" started-at="2025-09-08T19:44:53 IST" name="closebrowser" finished-at="2025-09-08T19:44:54 IST" duration-ms="295" status="PASS">
          <reporter-output>
          </reporter-output>
        </test-method> <!-- closebrowser -->
        <test-method is-config="true" signature="openBrowser(java.lang.String,java.lang.String)[pri:0, instance:Tests.guest_user_flow@368f2016]" started-at="2025-09-08T19:44:54 IST" name="openBrowser" finished-at="2025-09-08T19:44:57 IST" duration-ms="3637" status="PASS">
          <params>
            <param index="0">
              <value>
                <![CDATA[chrome]]>
              </value>
            </param>
            <param index="1">
              <value>
                <![CDATA[https://www.amazon.in/]]>
              </value>
            </param>
          </params>
          <reporter-output>
          </reporter-output>
        </test-method> <!-- openBrowser -->
        <test-method signature="verifyElementsForguestUser()[pri:0, instance:Tests.guest_user_flow@368f2016]" started-at="2025-09-08T19:44:57 IST" name="verifyElementsForguestUser" finished-at="2025-09-08T19:44:57 IST" duration-ms="2" status="PASS">
          <reporter-output>
          </reporter-output>
        </test-method> <!-- verifyElementsForguestUser -->
        <test-method is-config="true" signature="closebrowser()[pri:0, instance:Tests.guest_user_flow@368f2016]" started-at="2025-09-08T19:44:57 IST" name="closebrowser" finished-at="2025-09-08T19:44:58 IST" duration-ms="423" status="PASS">
          <reporter-output>
          </reporter-output>
        </test-method> <!-- closebrowser -->
      </class> <!-- Tests.guest_user_flow -->
    </test> <!-- Test -->
  </suite> <!-- Suite -->
</testng-results>
