<?xml version="1.0" encoding="UTF-8"?>
<testng-results ignored="0" total="15" passed="15" failed="0" skipped="0">
  <reporter-output>
  </reporter-output>
  <suite started-at="2025-09-25T17:40:05 IST" name="Suite" finished-at="2025-09-25T17:41:15 IST" duration-ms="69375">
    <groups>
    </groups>
    <test started-at="2025-09-25T17:40:05 IST" name="Test" finished-at="2025-09-25T17:41:15 IST" duration-ms="69375">
      <class name="Tests.guest_user_flow">
        <test-method is-config="true" signature="openBrowser(java.lang.String,java.lang.String)[pri:0, instance:Tests.guest_user_flow@368f2016]" started-at="2025-09-25T17:40:05 IST" name="openBrowser" finished-at="2025-09-25T17:40:16 IST" duration-ms="10275" status="PASS">
          <params>
            <param index="0">
              <value>
                <![CDATA[chrome]]>
              </value>
            </param>
            <param index="1">
              <value>
                <![CDATA[https://www.amazon.in/]]>
              </value>
            </param>
          </params>
          <reporter-output>
          </reporter-output>
        </test-method> <!-- openBrowser -->
        <test-method signature="verifyElementsForguestUser()[pri:0, instance:Tests.guest_user_flow@368f2016]" started-at="2025-09-25T17:40:16 IST" name="verifyElementsForguestUser" finished-at="2025-09-25T17:40:16 IST" duration-ms="105" status="PASS">
          <reporter-output>
          </reporter-output>
        </test-method> <!-- verifyElementsForguestUser -->
        <test-method is-config="true" signature="closebrowser()[pri:0, instance:Tests.guest_user_flow@368f2016]" started-at="2025-09-25T17:40:16 IST" name="closebrowser" finished-at="2025-09-25T17:40:16 IST" duration-ms="416" status="PASS">
          <reporter-output>
          </reporter-output>
        </test-method> <!-- closebrowser -->
        <test-method is-config="true" signature="openBrowser(java.lang.String,java.lang.String)[pri:0, instance:Tests.guest_user_flow@368f2016]" started-at="2025-09-25T17:40:16 IST" name="openBrowser" finished-at="2025-09-25T17:40:21 IST" duration-ms="4841" status="PASS">
          <params>
            <param index="0">
              <value>
                <![CDATA[chrome]]>
              </value>
            </param>
            <param index="1">
              <value>
                <![CDATA[https://www.amazon.in/]]>
              </value>
            </param>
          </params>
          <reporter-output>
          </reporter-output>
        </test-method> <!-- openBrowser -->
        <test-method signature="verifyElementsForguestUser()[pri:0, instance:Tests.guest_user_flow@368f2016]" started-at="2025-09-25T17:40:21 IST" name="verifyElementsForguestUser" finished-at="2025-09-25T17:40:21 IST" duration-ms="6" status="PASS">
          <reporter-output>
          </reporter-output>
        </test-method> <!-- verifyElementsForguestUser -->
        <test-method is-config="true" signature="closebrowser()[pri:0, instance:Tests.guest_user_flow@368f2016]" started-at="2025-09-25T17:40:21 IST" name="closebrowser" finished-at="2025-09-25T17:40:21 IST" duration-ms="357" status="PASS">
          <reporter-output>
          </reporter-output>
        </test-method> <!-- closebrowser -->
        <test-method is-config="true" signature="openBrowser(java.lang.String,java.lang.String)[pri:0, instance:Tests.guest_user_flow@368f2016]" started-at="2025-09-25T17:40:21 IST" name="openBrowser" finished-at="2025-09-25T17:40:25 IST" duration-ms="3596" status="PASS">
          <params>
            <param index="0">
              <value>
                <![CDATA[chrome]]>
              </value>
            </param>
            <param index="1">
              <value>
                <![CDATA[https://www.amazon.in/]]>
              </value>
            </param>
          </params>
          <reporter-output>
          </reporter-output>
        </test-method> <!-- openBrowser -->
        <test-method signature="verifyElementsForguestUser()[pri:0, instance:Tests.guest_user_flow@368f2016]" started-at="2025-09-25T17:40:25 IST" name="verifyElementsForguestUser" finished-at="2025-09-25T17:40:25 IST" duration-ms="4" status="PASS">
          <reporter-output>
          </reporter-output>
        </test-method> <!-- verifyElementsForguestUser -->
        <test-method is-config="true" signature="closebrowser()[pri:0, instance:Tests.guest_user_flow@368f2016]" started-at="2025-09-25T17:40:25 IST" name="closebrowser" finished-at="2025-09-25T17:40:25 IST" duration-ms="353" status="PASS">
          <reporter-output>
          </reporter-output>
        </test-method> <!-- closebrowser -->
        <test-method is-config="true" signature="openBrowser(java.lang.String,java.lang.String)[pri:0, instance:Tests.guest_user_flow@368f2016]" started-at="2025-09-25T17:40:25 IST" name="openBrowser" finished-at="2025-09-25T17:40:30 IST" duration-ms="4435" status="PASS">
          <params>
            <param index="0">
              <value>
                <![CDATA[chrome]]>
              </value>
            </param>
            <param index="1">
              <value>
                <![CDATA[https://www.amazon.in/]]>
              </value>
            </param>
          </params>
          <reporter-output>
          </reporter-output>
        </test-method> <!-- openBrowser -->
        <test-method signature="verifyElementsForguestUser()[pri:0, instance:Tests.guest_user_flow@368f2016]" started-at="2025-09-25T17:40:30 IST" name="verifyElementsForguestUser" finished-at="2025-09-25T17:40:30 IST" duration-ms="7" status="PASS">
          <reporter-output>
          </reporter-output>
        </test-method> <!-- verifyElementsForguestUser -->
        <test-method is-config="true" signature="closebrowser()[pri:0, instance:Tests.guest_user_flow@368f2016]" started-at="2025-09-25T17:40:30 IST" name="closebrowser" finished-at="2025-09-25T17:40:30 IST" duration-ms="371" status="PASS">
          <reporter-output>
          </reporter-output>
        </test-method> <!-- closebrowser -->
        <test-method is-config="true" signature="openBrowser(java.lang.String,java.lang.String)[pri:0, instance:Tests.guest_user_flow@368f2016]" started-at="2025-09-25T17:40:30 IST" name="openBrowser" finished-at="2025-09-25T17:40:35 IST" duration-ms="4647" status="PASS">
          <params>
            <param index="0">
              <value>
                <![CDATA[chrome]]>
              </value>
            </param>
            <param index="1">
              <value>
                <![CDATA[https://www.amazon.in/]]>
              </value>
            </param>
          </params>
          <reporter-output>
          </reporter-output>
        </test-method> <!-- openBrowser -->
        <test-method signature="verifyElementsForguestUser()[pri:0, instance:Tests.guest_user_flow@368f2016]" started-at="2025-09-25T17:40:35 IST" name="verifyElementsForguestUser" finished-at="2025-09-25T17:40:35 IST" duration-ms="2" status="PASS">
          <reporter-output>
          </reporter-output>
        </test-method> <!-- verifyElementsForguestUser -->
        <test-method is-config="true" signature="closebrowser()[pri:0, instance:Tests.guest_user_flow@368f2016]" started-at="2025-09-25T17:40:35 IST" name="closebrowser" finished-at="2025-09-25T17:40:35 IST" duration-ms="302" status="PASS">
          <reporter-output>
          </reporter-output>
        </test-method> <!-- closebrowser -->
        <test-method is-config="true" signature="openBrowser(java.lang.String,java.lang.String)[pri:0, instance:Tests.guest_user_flow@368f2016]" started-at="2025-09-25T17:40:35 IST" name="openBrowser" finished-at="2025-09-25T17:40:40 IST" duration-ms="4360" status="PASS">
          <params>
            <param index="0">
              <value>
                <![CDATA[chrome]]>
              </value>
            </param>
            <param index="1">
              <value>
                <![CDATA[https://www.amazon.in/]]>
              </value>
            </param>
          </params>
          <reporter-output>
          </reporter-output>
        </test-method> <!-- openBrowser -->
        <test-method signature="verifyElementsForguestUser()[pri:0, instance:Tests.guest_user_flow@368f2016]" started-at="2025-09-25T17:40:40 IST" name="verifyElementsForguestUser" finished-at="2025-09-25T17:40:40 IST" duration-ms="3" status="PASS">
          <reporter-output>
          </reporter-output>
        </test-method> <!-- verifyElementsForguestUser -->
        <test-method is-config="true" signature="closebrowser()[pri:0, instance:Tests.guest_user_flow@368f2016]" started-at="2025-09-25T17:40:40 IST" name="closebrowser" finished-at="2025-09-25T17:40:40 IST" duration-ms="235" status="PASS">
          <reporter-output>
          </reporter-output>
        </test-method> <!-- closebrowser -->
        <test-method is-config="true" signature="openBrowser(java.lang.String,java.lang.String)[pri:0, instance:Tests.guest_user_flow@368f2016]" started-at="2025-09-25T17:40:40 IST" name="openBrowser" finished-at="2025-09-25T17:40:45 IST" duration-ms="4746" status="PASS">
          <params>
            <param index="0">
              <value>
                <![CDATA[chrome]]>
              </value>
            </param>
            <param index="1">
              <value>
                <![CDATA[https://www.amazon.in/]]>
              </value>
            </param>
          </params>
          <reporter-output>
          </reporter-output>
        </test-method> <!-- openBrowser -->
        <test-method signature="verifyElementsForguestUser()[pri:0, instance:Tests.guest_user_flow@368f2016]" started-at="2025-09-25T17:40:45 IST" name="verifyElementsForguestUser" finished-at="2025-09-25T17:40:45 IST" duration-ms="5" status="PASS">
          <reporter-output>
          </reporter-output>
        </test-method> <!-- verifyElementsForguestUser -->
        <test-method is-config="true" signature="closebrowser()[pri:0, instance:Tests.guest_user_flow@368f2016]" started-at="2025-09-25T17:40:45 IST" name="closebrowser" finished-at="2025-09-25T17:40:45 IST" duration-ms="329" status="PASS">
          <reporter-output>
          </reporter-output>
        </test-method> <!-- closebrowser -->
        <test-method is-config="true" signature="openBrowser(java.lang.String,java.lang.String)[pri:0, instance:Tests.guest_user_flow@368f2016]" started-at="2025-09-25T17:40:45 IST" name="openBrowser" finished-at="2025-09-25T17:40:49 IST" duration-ms="3613" status="PASS">
          <params>
            <param index="0">
              <value>
                <![CDATA[chrome]]>
              </value>
            </param>
            <param index="1">
              <value>
                <![CDATA[https://www.amazon.in/]]>
              </value>
            </param>
          </params>
          <reporter-output>
          </reporter-output>
        </test-method> <!-- openBrowser -->
        <test-method signature="verifyElementsForguestUser()[pri:0, instance:Tests.guest_user_flow@368f2016]" started-at="2025-09-25T17:40:49 IST" name="verifyElementsForguestUser" finished-at="2025-09-25T17:40:49 IST" duration-ms="11" status="PASS">
          <reporter-output>
          </reporter-output>
        </test-method> <!-- verifyElementsForguestUser -->
        <test-method is-config="true" signature="closebrowser()[pri:0, instance:Tests.guest_user_flow@368f2016]" started-at="2025-09-25T17:40:49 IST" name="closebrowser" finished-at="2025-09-25T17:40:49 IST" duration-ms="305" status="PASS">
          <reporter-output>
          </reporter-output>
        </test-method> <!-- closebrowser -->
        <test-method is-config="true" signature="openBrowser(java.lang.String,java.lang.String)[pri:0, instance:Tests.guest_user_flow@368f2016]" started-at="2025-09-25T17:40:49 IST" name="openBrowser" finished-at="2025-09-25T17:40:55 IST" duration-ms="6033" status="PASS">
          <params>
            <param index="0">
              <value>
                <![CDATA[chrome]]>
              </value>
            </param>
            <param index="1">
              <value>
                <![CDATA[https://www.amazon.in/]]>
              </value>
            </param>
          </params>
          <reporter-output>
          </reporter-output>
        </test-method> <!-- openBrowser -->
        <test-method signature="verifyElementsForguestUser()[pri:0, instance:Tests.guest_user_flow@368f2016]" started-at="2025-09-25T17:40:55 IST" name="verifyElementsForguestUser" finished-at="2025-09-25T17:40:55 IST" duration-ms="4" status="PASS">
          <reporter-output>
          </reporter-output>
        </test-method> <!-- verifyElementsForguestUser -->
        <test-method is-config="true" signature="closebrowser()[pri:0, instance:Tests.guest_user_flow@368f2016]" started-at="2025-09-25T17:40:55 IST" name="closebrowser" finished-at="2025-09-25T17:40:55 IST" duration-ms="353" status="PASS">
          <reporter-output>
          </reporter-output>
        </test-method> <!-- closebrowser -->
        <test-method is-config="true" signature="openBrowser(java.lang.String,java.lang.String)[pri:0, instance:Tests.guest_user_flow@368f2016]" started-at="2025-09-25T17:40:55 IST" name="openBrowser" finished-at="2025-09-25T17:40:59 IST" duration-ms="4163" status="PASS">
          <params>
            <param index="0">
              <value>
                <![CDATA[chrome]]>
              </value>
            </param>
            <param index="1">
              <value>
                <![CDATA[https://www.amazon.in/]]>
              </value>
            </param>
          </params>
          <reporter-output>
          </reporter-output>
        </test-method> <!-- openBrowser -->
        <test-method signature="verifyElementsForguestUser()[pri:0, instance:Tests.guest_user_flow@368f2016]" started-at="2025-09-25T17:40:59 IST" name="verifyElementsForguestUser" finished-at="2025-09-25T17:40:59 IST" duration-ms="4" status="PASS">
          <reporter-output>
          </reporter-output>
        </test-method> <!-- verifyElementsForguestUser -->
        <test-method is-config="true" signature="closebrowser()[pri:0, instance:Tests.guest_user_flow@368f2016]" started-at="2025-09-25T17:40:59 IST" name="closebrowser" finished-at="2025-09-25T17:41:00 IST" duration-ms="354" status="PASS">
          <reporter-output>
          </reporter-output>
        </test-method> <!-- closebrowser -->
        <test-method is-config="true" signature="openBrowser(java.lang.String,java.lang.String)[pri:0, instance:Tests.guest_user_flow@368f2016]" started-at="2025-09-25T17:41:00 IST" name="openBrowser" finished-at="2025-09-25T17:41:04 IST" duration-ms="4360" status="PASS">
          <params>
            <param index="0">
              <value>
                <![CDATA[chrome]]>
              </value>
            </param>
            <param index="1">
              <value>
                <![CDATA[https://www.amazon.in/]]>
              </value>
            </param>
          </params>
          <reporter-output>
          </reporter-output>
        </test-method> <!-- openBrowser -->
        <test-method signature="verifyElementsForguestUser()[pri:0, instance:Tests.guest_user_flow@368f2016]" started-at="2025-09-25T17:41:04 IST" name="verifyElementsForguestUser" finished-at="2025-09-25T17:41:04 IST" duration-ms="6" status="PASS">
          <reporter-output>
          </reporter-output>
        </test-method> <!-- verifyElementsForguestUser -->
        <test-method is-config="true" signature="closebrowser()[pri:0, instance:Tests.guest_user_flow@368f2016]" started-at="2025-09-25T17:41:04 IST" name="closebrowser" finished-at="2025-09-25T17:41:04 IST" duration-ms="347" status="PASS">
          <reporter-output>
          </reporter-output>
        </test-method> <!-- closebrowser -->
        <test-method is-config="true" signature="openBrowser(java.lang.String,java.lang.String)[pri:0, instance:Tests.guest_user_flow@368f2016]" started-at="2025-09-25T17:41:04 IST" name="openBrowser" finished-at="2025-09-25T17:41:06 IST" duration-ms="1782" status="PASS">
          <params>
            <param index="0">
              <value>
                <![CDATA[chrome]]>
              </value>
            </param>
            <param index="1">
              <value>
                <![CDATA[https://www.amazon.in/]]>
              </value>
            </param>
          </params>
          <reporter-output>
          </reporter-output>
        </test-method> <!-- openBrowser -->
        <test-method signature="verifyElementsForguestUser()[pri:0, instance:Tests.guest_user_flow@368f2016]" started-at="2025-09-25T17:41:06 IST" name="verifyElementsForguestUser" finished-at="2025-09-25T17:41:06 IST" duration-ms="2" status="PASS">
          <reporter-output>
          </reporter-output>
        </test-method> <!-- verifyElementsForguestUser -->
        <test-method is-config="true" signature="closebrowser()[pri:0, instance:Tests.guest_user_flow@368f2016]" started-at="2025-09-25T17:41:06 IST" name="closebrowser" finished-at="2025-09-25T17:41:07 IST" duration-ms="256" status="PASS">
          <reporter-output>
          </reporter-output>
        </test-method> <!-- closebrowser -->
        <test-method is-config="true" signature="openBrowser(java.lang.String,java.lang.String)[pri:0, instance:Tests.guest_user_flow@368f2016]" started-at="2025-09-25T17:41:07 IST" name="openBrowser" finished-at="2025-09-25T17:41:08 IST" duration-ms="1665" status="PASS">
          <params>
            <param index="0">
              <value>
                <![CDATA[chrome]]>
              </value>
            </param>
            <param index="1">
              <value>
                <![CDATA[https://www.amazon.in/]]>
              </value>
            </param>
          </params>
          <reporter-output>
          </reporter-output>
        </test-method> <!-- openBrowser -->
        <test-method signature="verifyElementsForguestUser()[pri:0, instance:Tests.guest_user_flow@368f2016]" started-at="2025-09-25T17:41:08 IST" name="verifyElementsForguestUser" finished-at="2025-09-25T17:41:08 IST" duration-ms="6" status="PASS">
          <reporter-output>
          </reporter-output>
        </test-method> <!-- verifyElementsForguestUser -->
        <test-method is-config="true" signature="closebrowser()[pri:0, instance:Tests.guest_user_flow@368f2016]" started-at="2025-09-25T17:41:08 IST" name="closebrowser" finished-at="2025-09-25T17:41:08 IST" duration-ms="195" status="PASS">
          <reporter-output>
          </reporter-output>
        </test-method> <!-- closebrowser -->
        <test-method is-config="true" signature="openBrowser(java.lang.String,java.lang.String)[pri:0, instance:Tests.guest_user_flow@368f2016]" started-at="2025-09-25T17:41:08 IST" name="openBrowser" finished-at="2025-09-25T17:41:10 IST" duration-ms="1995" status="PASS">
          <params>
            <param index="0">
              <value>
                <![CDATA[chrome]]>
              </value>
            </param>
            <param index="1">
              <value>
                <![CDATA[https://www.amazon.in/]]>
              </value>
            </param>
          </params>
          <reporter-output>
          </reporter-output>
        </test-method> <!-- openBrowser -->
        <test-method signature="verifyElementsForguestUser()[pri:0, instance:Tests.guest_user_flow@368f2016]" started-at="2025-09-25T17:41:10 IST" name="verifyElementsForguestUser" finished-at="2025-09-25T17:41:10 IST" duration-ms="19" status="PASS">
          <reporter-output>
          </reporter-output>
        </test-method> <!-- verifyElementsForguestUser -->
        <test-method is-config="true" signature="closebrowser()[pri:0, instance:Tests.guest_user_flow@368f2016]" started-at="2025-09-25T17:41:10 IST" name="closebrowser" finished-at="2025-09-25T17:41:11 IST" duration-ms="267" status="PASS">
          <reporter-output>
          </reporter-output>
        </test-method> <!-- closebrowser -->
        <test-method is-config="true" signature="openBrowser(java.lang.String,java.lang.String)[pri:0, instance:Tests.guest_user_flow@368f2016]" started-at="2025-09-25T17:41:11 IST" name="openBrowser" finished-at="2025-09-25T17:41:14 IST" duration-ms="3804" status="PASS">
          <params>
            <param index="0">
              <value>
                <![CDATA[chrome]]>
              </value>
            </param>
            <param index="1">
              <value>
                <![CDATA[https://www.amazon.in/]]>
              </value>
            </param>
          </params>
          <reporter-output>
          </reporter-output>
        </test-method> <!-- openBrowser -->
        <test-method signature="verifyElementsForguestUser()[pri:0, instance:Tests.guest_user_flow@368f2016]" started-at="2025-09-25T17:41:14 IST" name="verifyElementsForguestUser" finished-at="2025-09-25T17:41:15 IST" duration-ms="6" status="PASS">
          <reporter-output>
          </reporter-output>
        </test-method> <!-- verifyElementsForguestUser -->
        <test-method is-config="true" signature="closebrowser()[pri:0, instance:Tests.guest_user_flow@368f2016]" started-at="2025-09-25T17:41:15 IST" name="closebrowser" finished-at="2025-09-25T17:41:15 IST" duration-ms="267" status="PASS">
          <reporter-output>
          </reporter-output>
        </test-method> <!-- closebrowser -->
      </class> <!-- Tests.guest_user_flow -->
    </test> <!-- Test -->
  </suite> <!-- Suite -->
</testng-results>
